<?xml version="1.0" encoding="UTF-8"?>
<testsuite xmlns:xsi="http://www.w3.org/2001/XMLSchema-instance" xsi:noNamespaceSchemaLocation="https://maven.apache.org/surefire/maven-surefire-plugin/xsd/surefire-test-report.xsd" name="runnerClasses.CukeRunner" time="11.006" tests="6" errors="0" skipped="0" failures="0">
  <properties>
    <property name="java.specification.version" value="15"/>
    <property name="sun.cpu.isalist" value="amd64"/>
    <property name="sun.jnu.encoding" value="Cp1252"/>
    <property name="java.class.path" value="C:\automation_projects\suncorpAPI\target\test-classes;C:\automation_projects\suncorpAPI\target\classes;C:\Users\Samresh Bhardwaj\.m2\repository\junit\junit\4.12\junit-4.12.jar;C:\Users\Samresh Bhardwaj\.m2\repository\org\hamcrest\hamcrest-core\1.3\hamcrest-core-1.3.jar;C:\Users\Samresh Bhardwaj\.m2\repository\com\jayway\restassured\rest-assured\2.8.0\rest-assured-2.8.0.jar;C:\Users\Samresh Bhardwaj\.m2\repository\org\codehaus\groovy\groovy\2.4.4\groovy-2.4.4.jar;C:\Users\Samresh Bhardwaj\.m2\repository\org\codehaus\groovy\groovy-xml\2.4.4\groovy-xml-2.4.4.jar;C:\Users\Samresh Bhardwaj\.m2\repository\org\apache\httpcomponents\httpclient\4.5.1\httpclient-4.5.1.jar;C:\Users\Samresh Bhardwaj\.m2\repository\org\apache\httpcomponents\httpcore\4.4.3\httpcore-4.4.3.jar;C:\Users\Samresh Bhardwaj\.m2\repository\commons-logging\commons-logging\1.2\commons-logging-1.2.jar;C:\Users\Samresh Bhardwaj\.m2\repository\commons-codec\commons-codec\1.9\commons-codec-1.9.jar;C:\Users\Samresh Bhardwaj\.m2\repository\org\apache\httpcomponents\httpmime\4.5.1\httpmime-4.5.1.jar;C:\Users\Samresh Bhardwaj\.m2\repository\org\hamcrest\hamcrest-library\1.3\hamcrest-library-1.3.jar;C:\Users\Samresh Bhardwaj\.m2\repository\org\ccil\cowan\tagsoup\tagsoup\1.2.1\tagsoup-1.2.1.jar;C:\Users\Samresh Bhardwaj\.m2\repository\com\jayway\restassured\json-path\2.8.0\json-path-2.8.0.jar;C:\Users\Samresh Bhardwaj\.m2\repository\org\codehaus\groovy\groovy-json\2.4.4\groovy-json-2.4.4.jar;C:\Users\Samresh Bhardwaj\.m2\repository\com\jayway\restassured\rest-assured-common\2.8.0\rest-assured-common-2.8.0.jar;C:\Users\Samresh Bhardwaj\.m2\repository\com\jayway\restassured\xml-path\2.8.0\xml-path-2.8.0.jar;C:\Users\Samresh Bhardwaj\.m2\repository\org\apache\commons\commons-lang3\3.3.2\commons-lang3-3.3.2.jar;C:\Users\Samresh Bhardwaj\.m2\repository\com\jayway\restassured\json-schema-validator\2.8.0\json-schema-validator-2.8.0.jar;C:\Users\Samresh Bhardwaj\.m2\repository\com\github\fge\json-schema-validator\2.2.6\json-schema-validator-2.2.6.jar;C:\Users\Samresh Bhardwaj\.m2\repository\com\google\code\findbugs\jsr305\3.0.0\jsr305-3.0.0.jar;C:\Users\Samresh Bhardwaj\.m2\repository\joda-time\joda-time\2.3\joda-time-2.3.jar;C:\Users\Samresh Bhardwaj\.m2\repository\com\googlecode\libphonenumber\libphonenumber\6.2\libphonenumber-6.2.jar;C:\Users\Samresh Bhardwaj\.m2\repository\com\github\fge\json-schema-core\1.2.5\json-schema-core-1.2.5.jar;C:\Users\Samresh Bhardwaj\.m2\repository\com\github\fge\uri-template\0.9\uri-template-0.9.jar;C:\Users\Samresh Bhardwaj\.m2\repository\com\github\fge\msg-simple\1.1\msg-simple-1.1.jar;C:\Users\Samresh Bhardwaj\.m2\repository\com\github\fge\btf\1.2\btf-1.2.jar;C:\Users\Samresh Bhardwaj\.m2\repository\com\google\guava\guava\16.0.1\guava-16.0.1.jar;C:\Users\Samresh Bhardwaj\.m2\repository\com\github\fge\jackson-coreutils\1.8\jackson-coreutils-1.8.jar;C:\Users\Samresh Bhardwaj\.m2\repository\com\fasterxml\jackson\core\jackson-databind\2.2.3\jackson-databind-2.2.3.jar;C:\Users\Samresh Bhardwaj\.m2\repository\com\fasterxml\jackson\core\jackson-annotations\2.2.3\jackson-annotations-2.2.3.jar;C:\Users\Samresh Bhardwaj\.m2\repository\com\fasterxml\jackson\core\jackson-core\2.2.3\jackson-core-2.2.3.jar;C:\Users\Samresh Bhardwaj\.m2\repository\org\mozilla\rhino\1.7R4\rhino-1.7R4.jar;C:\Users\Samresh Bhardwaj\.m2\repository\javax\mail\mailapi\1.4.3\mailapi-1.4.3.jar;C:\Users\Samresh Bhardwaj\.m2\repository\javax\activation\activation\1.1\activation-1.1.jar;C:\Users\Samresh Bhardwaj\.m2\repository\net\sf\jopt-simple\jopt-simple\4.6\jopt-simple-4.6.jar;C:\Users\Samresh Bhardwaj\.m2\repository\info\cukes\cucumber-java\1.2.5\cucumber-java-1.2.5.jar;C:\Users\Samresh Bhardwaj\.m2\repository\info\cukes\cucumber-core\1.2.5\cucumber-core-1.2.5.jar;C:\Users\Samresh Bhardwaj\.m2\repository\info\cukes\cucumber-html\0.2.3\cucumber-html-0.2.3.jar;C:\Users\Samresh Bhardwaj\.m2\repository\info\cukes\cucumber-jvm-deps\1.0.5\cucumber-jvm-deps-1.0.5.jar;C:\Users\Samresh Bhardwaj\.m2\repository\info\cukes\gherkin\2.12.2\gherkin-2.12.2.jar;C:\Users\Samresh Bhardwaj\.m2\repository\info\cukes\cucumber-junit\1.2.5\cucumber-junit-1.2.5.jar;C:\Users\Samresh Bhardwaj\.m2\repository\javax\xml\bind\jaxb-api\2.3.1\jaxb-api-2.3.1.jar;C:\Users\Samresh Bhardwaj\.m2\repository\javax\activation\javax.activation-api\1.2.0\javax.activation-api-1.2.0.jar;C:\Users\Samresh Bhardwaj\.m2\repository\org\glassfish\jaxb\jaxb-runtime\3.0.2-b01\jaxb-runtime-3.0.2-b01.jar;C:\Users\Samresh Bhardwaj\.m2\repository\com\sun\activation\jakarta.activation\2.0.1\jakarta.activation-2.0.1.jar;C:\Users\Samresh Bhardwaj\.m2\repository\org\glassfish\jaxb\jaxb-core\3.0.2-b01\jaxb-core-3.0.2-b01.jar;C:\Users\Samresh Bhardwaj\.m2\repository\jakarta\xml\bind\jakarta.xml.bind-api\3.0.1\jakarta.xml.bind-api-3.0.1.jar;C:\Users\Samresh Bhardwaj\.m2\repository\org\glassfish\jaxb\txw2\3.0.2-b01\txw2-3.0.2-b01.jar;C:\Users\Samresh Bhardwaj\.m2\repository\com\sun\istack\istack-commons-runtime\4.0.1\istack-commons-runtime-4.0.1.jar;"/>
    <property name="java.vm.vendor" value="Oracle Corporation"/>
    <property name="sun.arch.data.model" value="64"/>
    <property name="user.variant" value=""/>
    <property name="java.vendor.url" value="https://java.oracle.com/"/>
    <property name="os.name" value="Windows 10"/>
    <property name="java.vm.specification.version" value="15"/>
    <property name="sun.java.launcher" value="SUN_STANDARD"/>
    <property name="user.country" value="AU"/>
    <property name="sun.boot.library.path" value="C:\Program Files\Java\jdk-15.0.1\bin"/>
    <property name="sun.java.command" value="C:\Users\SAMRES~1\AppData\Local\Temp\surefire4133789284443219351\surefirebooter1224997227752585686.jar C:\Users\Samresh Bhardwaj\AppData\Local\Temp\surefire4133789284443219351 2021-06-08T08-05-44_488-jvmRun1 surefire17381124945485187256tmp surefire_010651351934729056173tmp"/>
    <property name="jdk.debug" value="release"/>
    <property name="surefire.test.class.path" value="C:\automation_projects\suncorpAPI\target\test-classes;C:\automation_projects\suncorpAPI\target\classes;C:\Users\Samresh Bhardwaj\.m2\repository\junit\junit\4.12\junit-4.12.jar;C:\Users\Samresh Bhardwaj\.m2\repository\org\hamcrest\hamcrest-core\1.3\hamcrest-core-1.3.jar;C:\Users\Samresh Bhardwaj\.m2\repository\com\jayway\restassured\rest-assured\2.8.0\rest-assured-2.8.0.jar;C:\Users\Samresh Bhardwaj\.m2\repository\org\codehaus\groovy\groovy\2.4.4\groovy-2.4.4.jar;C:\Users\Samresh Bhardwaj\.m2\repository\org\codehaus\groovy\groovy-xml\2.4.4\groovy-xml-2.4.4.jar;C:\Users\Samresh Bhardwaj\.m2\repository\org\apache\httpcomponents\httpclient\4.5.1\httpclient-4.5.1.jar;C:\Users\Samresh Bhardwaj\.m2\repository\org\apache\httpcomponents\httpcore\4.4.3\httpcore-4.4.3.jar;C:\Users\Samresh Bhardwaj\.m2\repository\commons-logging\commons-logging\1.2\commons-logging-1.2.jar;C:\Users\Samresh Bhardwaj\.m2\repository\commons-codec\commons-codec\1.9\commons-codec-1.9.jar;C:\Users\Samresh Bhardwaj\.m2\repository\org\apache\httpcomponents\httpmime\4.5.1\httpmime-4.5.1.jar;C:\Users\Samresh Bhardwaj\.m2\repository\org\hamcrest\hamcrest-library\1.3\hamcrest-library-1.3.jar;C:\Users\Samresh Bhardwaj\.m2\repository\org\ccil\cowan\tagsoup\tagsoup\1.2.1\tagsoup-1.2.1.jar;C:\Users\Samresh Bhardwaj\.m2\repository\com\jayway\restassured\json-path\2.8.0\json-path-2.8.0.jar;C:\Users\Samresh Bhardwaj\.m2\repository\org\codehaus\groovy\groovy-json\2.4.4\groovy-json-2.4.4.jar;C:\Users\Samresh Bhardwaj\.m2\repository\com\jayway\restassured\rest-assured-common\2.8.0\rest-assured-common-2.8.0.jar;C:\Users\Samresh Bhardwaj\.m2\repository\com\jayway\restassured\xml-path\2.8.0\xml-path-2.8.0.jar;C:\Users\Samresh Bhardwaj\.m2\repository\org\apache\commons\commons-lang3\3.3.2\commons-lang3-3.3.2.jar;C:\Users\Samresh Bhardwaj\.m2\repository\com\jayway\restassured\json-schema-validator\2.8.0\json-schema-validator-2.8.0.jar;C:\Users\Samresh Bhardwaj\.m2\repository\com\github\fge\json-schema-validator\2.2.6\json-schema-validator-2.2.6.jar;C:\Users\Samresh Bhardwaj\.m2\repository\com\google\code\findbugs\jsr305\3.0.0\jsr305-3.0.0.jar;C:\Users\Samresh Bhardwaj\.m2\repository\joda-time\joda-time\2.3\joda-time-2.3.jar;C:\Users\Samresh Bhardwaj\.m2\repository\com\googlecode\libphonenumber\libphonenumber\6.2\libphonenumber-6.2.jar;C:\Users\Samresh Bhardwaj\.m2\repository\com\github\fge\json-schema-core\1.2.5\json-schema-core-1.2.5.jar;C:\Users\Samresh Bhardwaj\.m2\repository\com\github\fge\uri-template\0.9\uri-template-0.9.jar;C:\Users\Samresh Bhardwaj\.m2\repository\com\github\fge\msg-simple\1.1\msg-simple-1.1.jar;C:\Users\Samresh Bhardwaj\.m2\repository\com\github\fge\btf\1.2\btf-1.2.jar;C:\Users\Samresh Bhardwaj\.m2\repository\com\google\guava\guava\16.0.1\guava-16.0.1.jar;C:\Users\Samresh Bhardwaj\.m2\repository\com\github\fge\jackson-coreutils\1.8\jackson-coreutils-1.8.jar;C:\Users\Samresh Bhardwaj\.m2\repository\com\fasterxml\jackson\core\jackson-databind\2.2.3\jackson-databind-2.2.3.jar;C:\Users\Samresh Bhardwaj\.m2\repository\com\fasterxml\jackson\core\jackson-annotations\2.2.3\jackson-annotations-2.2.3.jar;C:\Users\Samresh Bhardwaj\.m2\repository\com\fasterxml\jackson\core\jackson-core\2.2.3\jackson-core-2.2.3.jar;C:\Users\Samresh Bhardwaj\.m2\repository\org\mozilla\rhino\1.7R4\rhino-1.7R4.jar;C:\Users\Samresh Bhardwaj\.m2\repository\javax\mail\mailapi\1.4.3\mailapi-1.4.3.jar;C:\Users\Samresh Bhardwaj\.m2\repository\javax\activation\activation\1.1\activation-1.1.jar;C:\Users\Samresh Bhardwaj\.m2\repository\net\sf\jopt-simple\jopt-simple\4.6\jopt-simple-4.6.jar;C:\Users\Samresh Bhardwaj\.m2\repository\info\cukes\cucumber-java\1.2.5\cucumber-java-1.2.5.jar;C:\Users\Samresh Bhardwaj\.m2\repository\info\cukes\cucumber-core\1.2.5\cucumber-core-1.2.5.jar;C:\Users\Samresh Bhardwaj\.m2\repository\info\cukes\cucumber-html\0.2.3\cucumber-html-0.2.3.jar;C:\Users\Samresh Bhardwaj\.m2\repository\info\cukes\cucumber-jvm-deps\1.0.5\cucumber-jvm-deps-1.0.5.jar;C:\Users\Samresh Bhardwaj\.m2\repository\info\cukes\gherkin\2.12.2\gherkin-2.12.2.jar;C:\Users\Samresh Bhardwaj\.m2\repository\info\cukes\cucumber-junit\1.2.5\cucumber-junit-1.2.5.jar;C:\Users\Samresh Bhardwaj\.m2\repository\javax\xml\bind\jaxb-api\2.3.1\jaxb-api-2.3.1.jar;C:\Users\Samresh Bhardwaj\.m2\repository\javax\activation\javax.activation-api\1.2.0\javax.activation-api-1.2.0.jar;C:\Users\Samresh Bhardwaj\.m2\repository\org\glassfish\jaxb\jaxb-runtime\3.0.2-b01\jaxb-runtime-3.0.2-b01.jar;C:\Users\Samresh Bhardwaj\.m2\repository\com\sun\activation\jakarta.activation\2.0.1\jakarta.activation-2.0.1.jar;C:\Users\Samresh Bhardwaj\.m2\repository\org\glassfish\jaxb\jaxb-core\3.0.2-b01\jaxb-core-3.0.2-b01.jar;C:\Users\Samresh Bhardwaj\.m2\repository\jakarta\xml\bind\jakarta.xml.bind-api\3.0.1\jakarta.xml.bind-api-3.0.1.jar;C:\Users\Samresh Bhardwaj\.m2\repository\org\glassfish\jaxb\txw2\3.0.2-b01\txw2-3.0.2-b01.jar;C:\Users\Samresh Bhardwaj\.m2\repository\com\sun\istack\istack-commons-runtime\4.0.1\istack-commons-runtime-4.0.1.jar;"/>
    <property name="sun.cpu.endian" value="little"/>
    <property name="user.home" value="C:\Users\Samresh Bhardwaj"/>
    <property name="user.language" value="en"/>
    <property name="java.specification.vendor" value="Oracle Corporation"/>
    <property name="java.version.date" value="2020-10-20"/>
    <property name="java.home" value="C:\Program Files\Java\jdk-15.0.1"/>
    <property name="file.separator" value="\"/>
    <property name="basedir" value="C:\automation_projects\suncorpAPI"/>
    <property name="java.vm.compressedOopsMode" value="32-bit"/>
    <property name="line.separator" value="&#10;"/>
    <property name="java.specification.name" value="Java Platform API Specification"/>
    <property name="java.vm.specification.vendor" value="Oracle Corporation"/>
    <property name="surefire.real.class.path" value="C:\Users\SAMRES~1\AppData\Local\Temp\surefire4133789284443219351\surefirebooter1224997227752585686.jar"/>
    <property name="user.script" value=""/>
    <property name="sun.management.compiler" value="HotSpot 64-Bit Tiered Compilers"/>
    <property name="java.runtime.version" value="15.0.1+9-18"/>
    <property name="user.name" value="Samresh Bhardwaj"/>
    <property name="path.separator" value=";"/>
    <property name="os.version" value="10.0"/>
    <property name="java.runtime.name" value="Java(TM) SE Runtime Environment"/>
    <property name="file.encoding" value="Cp1252"/>
    <property name="java.vm.name" value="Java HotSpot(TM) 64-Bit Server VM"/>
    <property name="localRepository" value="C:\Users\Samresh Bhardwaj\.m2\repository"/>
    <property name="java.vendor.url.bug" value="https://bugreport.java.com/bugreport/"/>
    <property name="java.io.tmpdir" value="C:\Users\SAMRES~1\AppData\Local\Temp\"/>
    <property name="java.version" value="15.0.1"/>
    <property name="user.dir" value="C:\automation_projects\suncorpAPI"/>
    <property name="os.arch" value="amd64"/>
    <property name="java.vm.specification.name" value="Java Virtual Machine Specification"/>
    <property name="sun.os.patch.level" value=""/>
    <property name="java.library.path" value="C:\Program Files\Java\jdk-15.0.1\bin;C:\WINDOWS\Sun\Java\bin;C:\WINDOWS\system32;C:\WINDOWS;C:\Program Files\Common Files\Oracle\Java\javapath;C:\WINDOWS\system32;C:\WINDOWS;C:\WINDOWS\System32\Wbem;C:\WINDOWS\System32\WindowsPowerShell\v1.0\;C:\WINDOWS\System32\OpenSSH\;C:\Program Files (x86)\Intel\Intel(R) Management Engine Components\DAL;C:\Program Files\Intel\Intel(R) Management Engine Components\DAL;C:\Program Files\Git\cmd;C:\Program Files\nodejs\;C:\apache-maven-3.6.3-bin\apache-maven-3.6.3\bin;C:\Program Files\Java\jdk-15.0.1;C:\apache-maven-3.6.3\bin;C:\Ruby30-x64\bin;C:\Users\Samresh Bhardwaj\AppData\Local\Programs\Python\Python38-32\Scripts\;C:\Users\Samresh Bhardwaj\AppData\Local\Programs\Python\Python38-32\;C:\Users\Samresh Bhardwaj\AppData\Local\Microsoft\WindowsApps;C:\Users\Samresh Bhardwaj\AppData\Roaming\npm;C:\Users\Samresh Bhardwaj\AppData\Local\GitHubDesktop\bin;C:\Program Files\JetBrains\WebStorm 2020.2.3\bin;;;."/>
    <property name="java.vm.info" value="mixed mode, sharing"/>
    <property name="java.vendor" value="Oracle Corporation"/>
    <property name="java.vm.version" value="15.0.1+9-18"/>
    <property name="sun.io.unicode.encoding" value="UnicodeLittle"/>
    <property name="java.class.version" value="59.0"/>
  </properties>
  <testcase name="Given To initiate Rest service to get country details with code as &quot;AF&quot;" classname="Scenario: To verify Rest service - GET Method" time="0"/>
  <testcase name="Then Response status code should be &quot;200&quot;" classname="Scenario: To verify Rest service - GET Method" time="0"/>
  <testcase name="Then Response status code should be &quot;200&quot;" classname="Scenario: To verify Rest service - GET Method" time="0"/>
  <testcase name="Scenario: To verify Rest service - GET Method" classname="Scenario: To verify Rest service - GET Method" time="0"/>
  <testcase name="Scenario: To verify Rest service - GET Method" classname="Scenario: To verify Rest service - GET Method" time="0"/>
  <testcase name="Given To initiate Rest service to get country details with code as &quot;IN&quot;" classname="Scenario: To verify Rest service - GET Method" time="0"/>
</testsuite>